2025-03-13T14:27:48-0500 INFO --- logging initialized ---
2025-03-16T08:03:45-0500 INFO --- logging initialized ---
2025-03-16T09:04:00-0500 INFO --- logging initialized ---
2025-03-16T09:36:46-0500 INFO --- logging initialized ---
2025-03-16T09:37:03-0500 INFO --- logging initialized ---
2025-03-16T09:37:14-0500 INFO --- logging initialized ---
2025-03-16T09:37:16-0500 SUBDEBUG Erase: tree-1.8.0-10.el9.x86_64
2025-03-16T10:22:38-0500 INFO --- logging initialized ---
2025-03-16T12:18:30-0500 INFO --- logging initialized ---
2025-03-23T10:45:55-0500 INFO --- logging initialized ---
2025-03-23T11:53:03-0500 INFO --- logging initialized ---
2025-03-23T11:53:23-0500 SUBDEBUG Installed: dhcp-common-12:4.4.2-19.b1.el9.noarch
2025-03-23T11:53:23-0500 SUBDEBUG Installed: dhcp-server-12:4.4.2-19.b1.el9.x86_64
2025-03-23T11:53:28-0500 INFO --- logging initialized ---
2025-03-23T11:55:06-0500 INFO --- logging initialized ---
2025-03-23T11:55:13-0500 SUBDEBUG Installed: perl-English-1.11-481.el9.noarch
2025-03-23T11:55:13-0500 SUBDEBUG Installed: libecap-1.0.1-10.el9.x86_64
2025-03-23T11:55:13-0500 SUBDEBUG Installed: squid-7:5.5-14.el9_5.3.x86_64
2025-03-23T11:56:29-0500 INFO --- logging initialized ---
2025-03-23T11:56:37-0500 SUBDEBUG Installed: tinycdb-0.78-18.el9.x86_64
2025-03-23T11:56:37-0500 SUBDEBUG Installed: sendmail-8.16.1-11.el9.x86_64
2025-03-23T12:19:05-0500 INFO --- logging initialized ---
2025-03-23T13:00:47-0500 INFO --- logging initialized ---
2025-03-30T09:13:02-0500 INFO --- logging initialized ---
2025-03-30T10:33:09-0500 INFO --- logging initialized ---
2025-03-30T10:37:46-0500 INFO --- logging initialized ---
2025-03-30T10:38:44-0500 INFO --- logging initialized ---
2025-03-30T10:39:07-0500 INFO --- logging initialized ---
2025-03-30T10:39:10-0500 SUBDEBUG Installed: epel-release-9-7.el9.noarch
2025-03-30T10:39:10-0500 INFO Many EPEL packages require the CodeReady Builder (CRB) repository.
It is recommended that you run /usr/bin/crb enable to enable the CRB repository.

2025-03-30T10:39:24-0500 INFO --- logging initialized ---
2025-03-30T10:43:12-0500 INFO --- logging initialized ---
2025-03-30T10:45:55-0500 INFO --- logging initialized ---
2025-03-30T10:46:48-0500 INFO --- logging initialized ---
2025-03-30T10:46:54-0500 SUBDEBUG Erase: kernel-5.14.0-503.14.1.el9_5.x86_64
2025-03-30T10:47:21-0500 INFO --- logging initialized ---
2025-03-30T12:10:02-0500 INFO --- logging initialized ---
2025-03-30T13:58:02-0500 INFO --- logging initialized ---
2025-04-06T12:36:48-0500 INFO --- logging initialized ---
2025-04-06T12:45:11-0500 INFO --- logging initialized ---
2025-04-06T12:50:18-0500 INFO --- logging initialized ---
2025-04-06T12:50:25-0500 SUBDEBUG Erase: google-noto-serif-cjk-ttc-fonts-20230817-2.el9.noarch
2025-04-06T12:50:25-0500 SUBDEBUG Erase: google-noto-sans-sinhala-vf-fonts-20201206-4.el9.noarch
2025-04-06T12:50:25-0500 SUBDEBUG Erase: google-noto-sans-gurmukhi-fonts-20201206-4.el9.noarch
2025-04-06T12:50:25-0500 SUBDEBUG Erase: google-noto-sans-cjk-ttc-fonts-20230817-2.el9.noarch
2025-04-06T12:50:25-0500 SUBDEBUG Erase: yelp-2:40.3-2.el9.x86_64
2025-04-06T12:50:25-0500 SUBDEBUG Erase: jna-5.6.0-8.el9.x86_64
2025-04-06T12:50:25-0500 SUBDEBUG Erase: java-1.8.0-openjdk-headless-1:1.8.0.442.b06-2.el9.x86_64
2025-04-06T12:50:26-0500 SUBDEBUG Erase: copy-jdk-configs-4.0-3.el9.noarch
2025-04-06T12:50:26-0500 SUBDEBUG Erase: yelp-libs-2:40.3-2.el9.x86_64
2025-04-06T12:50:26-0500 SUBDEBUG Erase: gnome-initial-setup-40.4-3.el9.x86_64
2025-04-06T12:50:26-0500 SUBDEBUG Erase: firefox-128.8.0-1.el9_5.x86_64
2025-04-06T12:50:27-0500 SUBDEBUG Erase: evolution-data-server-ui-3.40.4-9.el9.x86_64
2025-04-06T12:50:27-0500 SUBDEBUG Erase: rocky-indexhtml-9.0-3.el9.noarch
2025-04-06T12:50:27-0500 SUBDEBUG Erase: javapackages-filesystem-6.0.0-7.el9_5.noarch
2025-04-06T12:50:27-0500 SUBDEBUG Erase: tzdata-java-2025a-1.el9.noarch
2025-04-06T12:50:27-0500 SUBDEBUG Erase: google-noto-cjk-fonts-common-20230817-2.el9.noarch
2025-04-06T12:50:27-0500 SUBDEBUG Erase: google-noto-fonts-common-20201206-4.el9.noarch
2025-04-06T12:50:27-0500 SUBDEBUG Erase: google-noto-emoji-color-fonts-20211102-1.el9.noarch
2025-04-06T12:50:27-0500 SUBDEBUG Erase: glibc-all-langpacks-2.34-125.el9_5.3.x86_64
2025-04-06T12:50:27-0500 SUBDEBUG Erase: webkit2gtk3-2.46.6-1.el9_5.x86_64
2025-04-06T12:50:27-0500 SUBDEBUG Erase: hyphen-es-2.3-11.el9.noarch
2025-04-06T12:50:27-0500 SUBDEBUG Erase: hyphen-2.8.8-17.el9.x86_64
2025-04-06T12:50:27-0500 SUBDEBUG Erase: harfbuzz-icu-2.7.4-10.el9.x86_64
2025-04-06T12:50:27-0500 SUBDEBUG Erase: woff2-1.0.2-15.el9.x86_64
2025-04-06T12:50:27-0500 SUBDEBUG Erase: lua-5.4.4-4.el9.x86_64
2025-04-06T12:50:27-0500 SUBDEBUG Erase: lua-posix-35.0-8.el9.x86_64
2025-04-06T12:50:28-0500 SUBDEBUG Erase: lksctp-tools-1.0.19-3.el9_4.x86_64
2025-04-06T12:50:47-0500 INFO --- logging initialized ---
2025-04-06T12:53:21-0500 INFO --- logging initialized ---
2025-04-06T12:54:38-0500 INFO --- logging initialized ---
2025-04-06T12:55:12-0500 INFO --- logging initialized ---
2025-04-06T13:22:13-0500 INFO --- logging initialized ---
2025-04-06T14:36:13-0500 INFO --- logging initialized ---
2025-04-06T15:56:13-0500 INFO --- logging initialized ---
2025-04-06T17:12:53-0500 INFO --- logging initialized ---
