[2025-03-13T19:11:39.941Z] [ message] [vmusr] [5745] VMware Tools Version: 12.4.0.48309 (build-23259341)
[2025-03-13T19:11:39.951Z] [ message] [vmusr] [5745] Guest OS details: architecture='X86' bitness='64' cpeString='cpe:/o:rocky:rocky:9::baseos' distroAddlVersion='9.5 (Blue Onyx)' distroName='Rocky Linux' distroVersion='9.5' familyName='Linux' kernelVersion='5.14.0-503.14.1.el9_5.x86_64' prettyName='Rocky Linux 9.5 (Blue Onyx)'
[2025-03-13T19:11:39.941Z] [ message] [vmusr] [5745] Log caching is enabled with maxCacheEntries=4096.
[2025-03-13T19:11:39.951Z] [ message] [vmusr] [5745] Core dump limit set to -1
[2025-03-13T19:11:41.988Z] [ message] [vmusr] [5745] Cannot load message catalog for domain 'hgfsServer', language 'es', catalog dir '/usr/share/open-vm-tools'.
[2025-03-13T19:11:41.989Z] [ message] [vmtoolsd] [5745] Plugin 'hgfsServer' initialized.
[2025-03-13T19:11:41.989Z] [ message] [vix] [5745] QueryVGAuthConfig: vgauth usage is: 1
[2025-03-13T19:11:41.989Z] [ message] [vmusr] [5745] Cannot load message catalog for domain 'vix', language 'es', catalog dir '/usr/share/open-vm-tools'.
[2025-03-13T19:11:41.989Z] [ message] [vmtoolsd] [5745] Plugin 'vix' initialized.
[2025-03-13T19:11:47.197Z] [ message] [vmusr] [5745] Cannot load message catalog for domain 'desktopEvents', language 'es', catalog dir '/usr/share/open-vm-tools'.
[2025-03-13T19:11:47.197Z] [ message] [vmtoolsd] [5745] Plugin 'desktopEvents' initialized.
[2025-03-13T19:11:47.219Z] [ message] [vmusr] [5745] Cannot load message catalog for domain 'dndCP', language 'es', catalog dir '/usr/share/open-vm-tools'.
[2025-03-13T19:11:47.219Z] [ message] [vmtoolsd] [5745] Plugin 'dndCP' initialized.
[2025-03-13T19:11:47.219Z] [ message] [resolutionCommon] [5745] resolutionCheckForKMS: dlopen succeeded.
[2025-03-13T19:11:47.222Z] [ message] [resolutionCommon] [5745] resolutionCheckForKMS: System support available for resolutionKMS.
[2025-03-13T19:11:47.222Z] [ message] [resolutionSet] [5745] ResolutionToolkitInit: Backing off for resolutionKMS.
[2025-03-13T19:27:01.709Z] [ message] [desktopEvents] [5745] Emitting tcs_de_xioerror due to X I/O error.
[2025-03-16T12:51:06.239Z] [ message] [vmusr] [18426] VMware Tools Version: 12.4.0.48309 (build-23259341)
[2025-03-16T12:51:06.243Z] [ message] [vmusr] [18426] Guest OS details: architecture='X86' bitness='64' cpeString='cpe:/o:rocky:rocky:9::baseos' distroAddlVersion='9.5 (Blue Onyx)' distroName='Rocky Linux' distroVersion='9.5' familyName='Linux' kernelVersion='5.14.0-503.31.1.el9_5.x86_64' prettyName='Rocky Linux 9.5 (Blue Onyx)'
[2025-03-16T12:51:06.239Z] [ message] [vmusr] [18426] Log caching is enabled with maxCacheEntries=4096.
[2025-03-16T12:51:06.243Z] [ message] [vmusr] [18426] Core dump limit set to -1
[2025-03-16T12:51:08.885Z] [ message] [vmusr] [18426] Cannot load message catalog for domain 'hgfsServer', language 'es', catalog dir '/usr/share/open-vm-tools'.
[2025-03-16T12:51:08.887Z] [ message] [vmtoolsd] [18426] Plugin 'hgfsServer' initialized.
[2025-03-16T12:51:08.887Z] [ message] [vix] [18426] QueryVGAuthConfig: vgauth usage is: 1
[2025-03-16T12:51:08.887Z] [ message] [vmusr] [18426] Cannot load message catalog for domain 'vix', language 'es', catalog dir '/usr/share/open-vm-tools'.
[2025-03-16T12:51:08.887Z] [ message] [vmtoolsd] [18426] Plugin 'vix' initialized.
[2025-03-16T12:51:25.330Z] [ message] [vmusr] [18426] Cannot load message catalog for domain 'desktopEvents', language 'es', catalog dir '/usr/share/open-vm-tools'.
[2025-03-16T12:51:25.330Z] [ message] [vmtoolsd] [18426] Plugin 'desktopEvents' initialized.
[2025-03-16T12:51:26.022Z] [ message] [vmusr] [18426] Cannot load message catalog for domain 'dndCP', language 'es', catalog dir '/usr/share/open-vm-tools'.
[2025-03-16T12:51:26.023Z] [ message] [vmtoolsd] [18426] Plugin 'dndCP' initialized.
[2025-03-16T12:51:26.023Z] [ message] [resolutionCommon] [18426] resolutionCheckForKMS: dlopen succeeded.
[2025-03-16T12:51:26.034Z] [ message] [resolutionCommon] [18426] resolutionCheckForKMS: System support available for resolutionKMS.
[2025-03-16T12:51:26.034Z] [ message] [resolutionSet] [18426] ResolutionToolkitInit: Backing off for resolutionKMS.
[2025-03-16T13:47:29.047Z] [ message] [desktopEvents] [18426] Emitting tcs_de_xioerror due to X I/O error.
[2025-03-23T16:18:01.760Z] [ message] [vmusr] [2432] VMware Tools Version: 12.4.0.48309 (build-23259341)
[2025-03-23T16:18:01.763Z] [ message] [vmusr] [2432] Guest OS details: architecture='X86' bitness='64' cpeString='cpe:/o:rocky:rocky:9::baseos' distroAddlVersion='9.5 (Blue Onyx)' distroName='Rocky Linux' distroVersion='9.5' familyName='Linux' kernelVersion='5.14.0-503.31.1.el9_5.x86_64' prettyName='Rocky Linux 9.5 (Blue Onyx)'
[2025-03-23T16:18:01.760Z] [ message] [vmusr] [2432] Log caching is enabled with maxCacheEntries=4096.
[2025-03-23T16:18:01.763Z] [ message] [vmusr] [2432] Core dump limit set to -1
[2025-03-23T16:18:03.003Z] [ message] [vmusr] [2432] Cannot load message catalog for domain 'hgfsServer', language 'es', catalog dir '/usr/share/open-vm-tools'.
[2025-03-23T16:18:03.008Z] [ message] [vmtoolsd] [2432] Plugin 'hgfsServer' initialized.
[2025-03-23T16:18:03.008Z] [ message] [vix] [2432] QueryVGAuthConfig: vgauth usage is: 1
[2025-03-23T16:18:03.009Z] [ message] [vmusr] [2432] Cannot load message catalog for domain 'vix', language 'es', catalog dir '/usr/share/open-vm-tools'.
[2025-03-23T16:18:03.009Z] [ message] [vmtoolsd] [2432] Plugin 'vix' initialized.
[2025-03-23T16:18:06.371Z] [ message] [vmusr] [2432] Cannot load message catalog for domain 'desktopEvents', language 'es', catalog dir '/usr/share/open-vm-tools'.
[2025-03-23T16:18:06.371Z] [ message] [vmtoolsd] [2432] Plugin 'desktopEvents' initialized.
[2025-03-23T16:18:06.391Z] [ message] [vmusr] [2432] Cannot load message catalog for domain 'dndCP', language 'es', catalog dir '/usr/share/open-vm-tools'.
[2025-03-23T16:18:06.391Z] [ message] [vmtoolsd] [2432] Plugin 'dndCP' initialized.
[2025-03-23T16:18:06.391Z] [ message] [resolutionCommon] [2432] resolutionCheckForKMS: dlopen succeeded.
[2025-03-23T16:18:06.392Z] [ message] [resolutionCommon] [2432] resolutionCheckForKMS: System support available for resolutionKMS.
[2025-03-23T16:18:06.392Z] [ message] [resolutionSet] [2432] ResolutionToolkitInit: Backing off for resolutionKMS.
[2025-03-23T16:19:15.873Z] [ message] [vmtoolsd] [2432] Unloading plugin 'dndCP'.
[2025-03-23T16:19:15.873Z] [ message] [vmtoolsd] [2432] Unloading plugin 'desktopEvents'.
[2025-03-23T16:19:15.873Z] [ message] [vmtoolsd] [2432] Unloading plugin 'vix'.
[2025-03-23T16:19:15.873Z] [ message] [vmtoolsd] [2432] Unloading plugin 'hgfsServer'.
[2025-03-23T17:06:07.830Z] [ message] [vmusr] [3932] VMware Tools Version: 12.4.0.48309 (build-23259341)
[2025-03-23T17:06:07.833Z] [ message] [vmusr] [3932] Guest OS details: architecture='X86' bitness='64' cpeString='cpe:/o:rocky:rocky:9::baseos' distroAddlVersion='9.5 (Blue Onyx)' distroName='Rocky Linux' distroVersion='9.5' familyName='Linux' kernelVersion='5.14.0-503.31.1.el9_5.x86_64' prettyName='Rocky Linux 9.5 (Blue Onyx)'
[2025-03-23T17:06:07.830Z] [ message] [vmusr] [3932] Log caching is enabled with maxCacheEntries=4096.
[2025-03-23T17:06:07.833Z] [ message] [vmusr] [3932] Core dump limit set to -1
[2025-03-23T17:06:10.181Z] [ message] [vmusr] [3932] Cannot load message catalog for domain 'hgfsServer', language 'es', catalog dir '/usr/share/open-vm-tools'.
[2025-03-23T17:06:10.185Z] [ message] [vmtoolsd] [3932] Plugin 'hgfsServer' initialized.
[2025-03-23T17:06:10.185Z] [ message] [vix] [3932] QueryVGAuthConfig: vgauth usage is: 1
[2025-03-23T17:06:10.185Z] [ message] [vmusr] [3932] Cannot load message catalog for domain 'vix', language 'es', catalog dir '/usr/share/open-vm-tools'.
[2025-03-23T17:06:10.185Z] [ message] [vmtoolsd] [3932] Plugin 'vix' initialized.
[2025-03-23T17:06:14.711Z] [ message] [vmusr] [3932] Cannot load message catalog for domain 'desktopEvents', language 'es', catalog dir '/usr/share/open-vm-tools'.
[2025-03-23T17:06:14.711Z] [ message] [vmtoolsd] [3932] Plugin 'desktopEvents' initialized.
[2025-03-23T17:06:14.740Z] [ message] [vmusr] [3932] Cannot load message catalog for domain 'dndCP', language 'es', catalog dir '/usr/share/open-vm-tools'.
[2025-03-23T17:06:14.740Z] [ message] [vmtoolsd] [3932] Plugin 'dndCP' initialized.
[2025-03-23T17:06:14.740Z] [ message] [resolutionCommon] [3932] resolutionCheckForKMS: dlopen succeeded.
[2025-03-23T17:06:14.747Z] [ message] [resolutionCommon] [3932] resolutionCheckForKMS: System support available for resolutionKMS.
[2025-03-23T17:06:14.747Z] [ message] [resolutionSet] [3932] ResolutionToolkitInit: Backing off for resolutionKMS.
[2025-03-23T17:09:28.724Z] [ message] [desktopEvents] [3932] Emitting tcs_de_xioerror due to X I/O error.
[2025-03-23T17:35:45.046Z] [ message] [vmusr] [5429] VMware Tools Version: 12.4.0.48309 (build-23259341)
[2025-03-23T17:35:45.056Z] [ message] [vmusr] [5429] Guest OS details: architecture='X86' bitness='64' cpeString='cpe:/o:rocky:rocky:9::baseos' distroAddlVersion='9.5 (Blue Onyx)' distroName='Rocky Linux' distroVersion='9.5' familyName='Linux' kernelVersion='5.14.0-503.31.1.el9_5.x86_64' prettyName='Rocky Linux 9.5 (Blue Onyx)'
[2025-03-23T17:35:45.046Z] [ message] [vmusr] [5429] Log caching is enabled with maxCacheEntries=4096.
[2025-03-23T17:35:45.056Z] [ message] [vmusr] [5429] Core dump limit set to -1
[2025-03-23T17:35:46.619Z] [ message] [vmusr] [5429] Cannot load message catalog for domain 'hgfsServer', language 'es', catalog dir '/usr/share/open-vm-tools'.
[2025-03-23T17:35:46.630Z] [ message] [vmtoolsd] [5429] Plugin 'hgfsServer' initialized.
[2025-03-23T17:35:46.631Z] [ message] [vix] [5429] QueryVGAuthConfig: vgauth usage is: 1
[2025-03-23T17:35:46.631Z] [ message] [vmusr] [5429] Cannot load message catalog for domain 'vix', language 'es', catalog dir '/usr/share/open-vm-tools'.
[2025-03-23T17:35:46.631Z] [ message] [vmtoolsd] [5429] Plugin 'vix' initialized.
[2025-03-23T17:35:52.755Z] [ message] [vmusr] [5429] Cannot load message catalog for domain 'desktopEvents', language 'es', catalog dir '/usr/share/open-vm-tools'.
[2025-03-23T17:35:52.756Z] [ message] [vmtoolsd] [5429] Plugin 'desktopEvents' initialized.
[2025-03-23T17:35:52.775Z] [ message] [vmusr] [5429] Cannot load message catalog for domain 'dndCP', language 'es', catalog dir '/usr/share/open-vm-tools'.
[2025-03-23T17:35:52.775Z] [ message] [vmtoolsd] [5429] Plugin 'dndCP' initialized.
[2025-03-23T17:35:52.775Z] [ message] [resolutionCommon] [5429] resolutionCheckForKMS: dlopen succeeded.
[2025-03-23T17:35:52.781Z] [ message] [resolutionCommon] [5429] resolutionCheckForKMS: System support available for resolutionKMS.
[2025-03-23T17:35:52.782Z] [ message] [resolutionSet] [5429] ResolutionToolkitInit: Backing off for resolutionKMS.
[2025-03-23T17:46:48.237Z] [ message] [desktopEvents] [5429] Emitting tcs_de_xioerror due to X I/O error.
[2025-03-23T17:52:20.243Z] [ message] [vmusr] [2597] VMware Tools Version: 12.4.0.48309 (build-23259341)
[2025-03-23T17:52:20.248Z] [ message] [vmusr] [2597] Guest OS details: architecture='X86' bitness='64' cpeString='cpe:/o:rocky:rocky:9::baseos' distroAddlVersion='9.5 (Blue Onyx)' distroName='Rocky Linux' distroVersion='9.5' familyName='Linux' kernelVersion='5.14.0-503.31.1.el9_5.x86_64' prettyName='Rocky Linux 9.5 (Blue Onyx)'
[2025-03-23T17:52:20.243Z] [ message] [vmusr] [2597] Log caching is enabled with maxCacheEntries=4096.
[2025-03-23T17:52:20.248Z] [ message] [vmusr] [2597] Core dump limit set to -1
[2025-03-23T17:52:21.151Z] [ message] [vmusr] [2597] Cannot load message catalog for domain 'hgfsServer', language 'es', catalog dir '/usr/share/open-vm-tools'.
[2025-03-23T17:52:21.173Z] [ message] [vmtoolsd] [2597] Plugin 'hgfsServer' initialized.
[2025-03-23T17:52:21.177Z] [ message] [vix] [2597] QueryVGAuthConfig: vgauth usage is: 1
[2025-03-23T17:52:21.177Z] [ message] [vmusr] [2597] Cannot load message catalog for domain 'vix', language 'es', catalog dir '/usr/share/open-vm-tools'.
[2025-03-23T17:52:21.177Z] [ message] [vmtoolsd] [2597] Plugin 'vix' initialized.
[2025-03-23T17:52:24.880Z] [ message] [vmusr] [2597] Cannot load message catalog for domain 'desktopEvents', language 'es', catalog dir '/usr/share/open-vm-tools'.
[2025-03-23T17:52:24.880Z] [ message] [vmtoolsd] [2597] Plugin 'desktopEvents' initialized.
[2025-03-23T17:52:24.899Z] [ message] [vmusr] [2597] Cannot load message catalog for domain 'dndCP', language 'es', catalog dir '/usr/share/open-vm-tools'.
[2025-03-23T17:52:24.899Z] [ message] [vmtoolsd] [2597] Plugin 'dndCP' initialized.
[2025-03-23T17:52:24.900Z] [ message] [resolutionCommon] [2597] resolutionCheckForKMS: dlopen succeeded.
[2025-03-23T17:52:24.901Z] [ message] [resolutionCommon] [2597] resolutionCheckForKMS: System support available for resolutionKMS.
[2025-03-23T17:52:24.901Z] [ message] [resolutionSet] [2597] ResolutionToolkitInit: Backing off for resolutionKMS.
[2025-03-23T19:30:40.288Z] [ message] [desktopEvents] [2597] Emitting tcs_de_xioerror due to X I/O error.
[2025-03-30T17:14:17.025Z] [ message] [vmusr] [4714] VMware Tools Version: 12.4.0.48309 (build-23259341)
[2025-03-30T17:14:17.033Z] [ message] [vmusr] [4714] Guest OS details: architecture='X86' bitness='64' cpeString='cpe:/o:rocky:rocky:9::baseos' distroAddlVersion='9.5 (Blue Onyx)' distroName='Rocky Linux' distroVersion='9.5' familyName='Linux' kernelVersion='5.14.0-503.31.1.el9_5.x86_64' prettyName='Rocky Linux 9.5 (Blue Onyx)'
[2025-03-30T17:14:17.025Z] [ message] [vmusr] [4714] Log caching is enabled with maxCacheEntries=4096.
[2025-03-30T17:14:17.033Z] [ message] [vmusr] [4714] Core dump limit set to -1
[2025-03-30T17:14:18.446Z] [ message] [vmusr] [4714] Cannot load message catalog for domain 'hgfsServer', language 'es', catalog dir '/usr/share/open-vm-tools'.
[2025-03-30T17:14:18.446Z] [ message] [vmtoolsd] [4714] Plugin 'hgfsServer' initialized.
[2025-03-30T17:14:18.454Z] [ message] [vix] [4714] QueryVGAuthConfig: vgauth usage is: 1
[2025-03-30T17:14:18.454Z] [ message] [vmusr] [4714] Cannot load message catalog for domain 'vix', language 'es', catalog dir '/usr/share/open-vm-tools'.
[2025-03-30T17:14:18.454Z] [ message] [vmtoolsd] [4714] Plugin 'vix' initialized.
[2025-03-30T17:14:24.982Z] [ message] [vmusr] [4714] Cannot load message catalog for domain 'desktopEvents', language 'es', catalog dir '/usr/share/open-vm-tools'.
[2025-03-30T17:14:24.982Z] [ message] [vmtoolsd] [4714] Plugin 'desktopEvents' initialized.
[2025-03-30T17:14:25.024Z] [ message] [vmusr] [4714] Cannot load message catalog for domain 'dndCP', language 'es', catalog dir '/usr/share/open-vm-tools'.
[2025-03-30T17:14:25.024Z] [ message] [vmtoolsd] [4714] Plugin 'dndCP' initialized.
[2025-03-30T17:14:25.024Z] [ message] [resolutionCommon] [4714] resolutionCheckForKMS: dlopen succeeded.
[2025-03-30T17:14:25.038Z] [ message] [resolutionCommon] [4714] resolutionCheckForKMS: System support available for resolutionKMS.
[2025-03-30T17:14:25.038Z] [ message] [resolutionSet] [4714] ResolutionToolkitInit: Backing off for resolutionKMS.
[2025-03-30T19:05:46.509Z] [ message] [desktopEvents] [4714] Emitting tcs_de_xioerror due to X I/O error.
[2025-04-06T17:33:03.511Z] [ message] [vmusr] [2300] VMware Tools Version: 12.4.0.48309 (build-23259341)
[2025-04-06T17:33:03.521Z] [ message] [vmusr] [2300] Guest OS details: architecture='X86' bitness='64' cpeString='cpe:/o:rocky:rocky:9::baseos' distroAddlVersion='9.5 (Blue Onyx)' distroName='Rocky Linux' distroVersion='9.5' familyName='Linux' kernelVersion='5.14.0-503.31.1.el9_5.x86_64' prettyName='Rocky Linux 9.5 (Blue Onyx)'
[2025-04-06T17:33:03.511Z] [ message] [vmusr] [2300] Log caching is enabled with maxCacheEntries=4096.
[2025-04-06T17:33:03.521Z] [ message] [vmusr] [2300] Core dump limit set to -1
[2025-04-06T17:33:06.553Z] [ message] [vmusr] [2300] Cannot load message catalog for domain 'hgfsServer', language 'es', catalog dir '/usr/share/open-vm-tools'.
[2025-04-06T17:33:06.563Z] [ message] [vmtoolsd] [2300] Plugin 'hgfsServer' initialized.
[2025-04-06T17:33:06.563Z] [ message] [vix] [2300] QueryVGAuthConfig: vgauth usage is: 1
[2025-04-06T17:33:06.563Z] [ message] [vmusr] [2300] Cannot load message catalog for domain 'vix', language 'es', catalog dir '/usr/share/open-vm-tools'.
[2025-04-06T17:33:06.563Z] [ message] [vmtoolsd] [2300] Plugin 'vix' initialized.
[2025-04-06T17:33:13.038Z] [ message] [vmusr] [2300] Cannot load message catalog for domain 'desktopEvents', language 'es', catalog dir '/usr/share/open-vm-tools'.
[2025-04-06T17:33:13.038Z] [ message] [vmtoolsd] [2300] Plugin 'desktopEvents' initialized.
[2025-04-06T17:33:13.069Z] [ message] [vmusr] [2300] Cannot load message catalog for domain 'dndCP', language 'es', catalog dir '/usr/share/open-vm-tools'.
[2025-04-06T17:33:13.070Z] [ message] [vmtoolsd] [2300] Plugin 'dndCP' initialized.
[2025-04-06T17:33:13.070Z] [ message] [resolutionCommon] [2300] resolutionCheckForKMS: dlopen succeeded.
[2025-04-06T17:33:13.076Z] [ message] [resolutionCommon] [2300] resolutionCheckForKMS: System support available for resolutionKMS.
[2025-04-06T17:33:13.076Z] [ message] [resolutionSet] [2300] ResolutionToolkitInit: Backing off for resolutionKMS.
[2025-04-06T18:28:41.732Z] [ message] [vmtoolsd] [2300] Unloading plugin 'dndCP'.
[2025-04-06T18:28:41.751Z] [ message] [vmtoolsd] [2300] Unloading plugin 'desktopEvents'.
[2025-04-06T18:28:41.751Z] [ message] [vmtoolsd] [2300] Unloading plugin 'vix'.
[2025-04-06T18:28:41.753Z] [ message] [vmtoolsd] [2300] Unloading plugin 'hgfsServer'.
